1>------ 已启动生成: 项目: unity-InteractSystem, 配置: Debug Any CPU ------
1>C:\Program Files (x86)\MSBuild\14.0\bin\Microsoft.Common.CurrentVersion.targets(1820,5): warning MSB3268: 未能解析主引用“UnityEngine.TestRunner”，因为它对框架程序集“System.Web, Version=2.0.0.0, Culture=neutral, PublicKeyToken=b03f5f7f11d50a3a”有间接依赖关系，而在当前目标框架中未能解析该程序集。“.NETFramework,Version=v3.5,Profile=Unity Subset v3.5”。若要解决此问题，请移除引用“UnityEngine.TestRunner”，或将应用程序的目标重新指向包含“System.Web, Version=2.0.0.0, Culture=neutral, PublicKeyToken=b03f5f7f11d50a3a”的框架版本。
1>C:\Program Files (x86)\MSBuild\14.0\bin\Microsoft.Common.CurrentVersion.targets(1820,5): warning MSB3268: 未能解析主引用“nunit.framework”，因为它对框架程序集“System.Web, Version=2.0.0.0, Culture=neutral, PublicKeyToken=b03f5f7f11d50a3a”有间接依赖关系，而在当前目标框架中未能解析该程序集。“.NETFramework,Version=v3.5,Profile=Unity Subset v3.5”。若要解决此问题，请移除引用“nunit.framework”，或将应用程序的目标重新指向包含“System.Web, Version=2.0.0.0, Culture=neutral, PublicKeyToken=b03f5f7f11d50a3a”的框架版本。
1>E:\GitHub\unity-InteractSystem\Assets\InteractSystem\Common\Actions\Rope\RopeNode.cs(10,18,10,26): error CS0311: The type 'InteractSystem.Common.Actions.RopeElement' cannot be used as type parameter 'T' in the generic type or method 'CompleteAbleCollectNode<T>'. There is no implicit reference conversion from 'InteractSystem.Common.Actions.RopeElement' to 'InteractSystem.CompleteAbleActionItem'.
2>------ 已启动生成: 项目: unity-InteractSystem.Editor, 配置: Debug Any CPU ------
2>CSC : error CS0006: Metadata file 'E:\GitHub\unity-InteractSystem\Temp\UnityVS_bin\Debug\Assembly-CSharp.dll' could not be found
========== 生成: 成功 0 个，失败 2 个，最新 0 个，跳过 0 个 ==========
